<?xml version="1.0" encoding="UTF-8"?>
<!-- Generated by org.testng.reporters.JUnitReportReporter -->
<testsuite skipped="0" hostname="Jasons-MacBook-Pro.local" name="tests.ToDo_Android" tests="2" failures="0" timestamp="11 Apr 2024 23:06:22 GMT" time="21.221" errors="0">
  <testcase name="test_add_task" time="10.069" classname="tests.ToDo_Android"/>
  <testcase name="test_add_task" time="11.152" classname="tests.ToDo_Android"/>
</testsuite> <!-- tests.ToDo_Android -->
