<?xml version="1.0" encoding="UTF-8"?>
<!-- Generated by org.testng.reporters.JUnitReportReporter -->
<testsuite skipped="0" hostname="Jasons-MacBook-Pro.local" name="tests.ToDo_Android" tests="2" failures="0" timestamp="11 Apr 2024 17:40:32 GMT" time="21.974" errors="0">
  <testcase name="test_add_task" time="10.639" classname="tests.ToDo_Android"/>
  <testcase name="test_add_task" time="11.335" classname="tests.ToDo_Android"/>
</testsuite> <!-- tests.ToDo_Android -->
